<?xml version="1.0" encoding="UTF-8"?>
<!-- Generated by org.testng.reporters.JUnitXMLReporter -->
<testsuite ignored="1" hostname="Pravin" failures="0" tests="1" name="Default test(failed)" time="10.089" errors="0" timestamp="2023-12-05T19:26:42 IST">
  <testcase classname="testCases.Cart_Page_Test_3" name="varifyyourCartTest" time="0.065"/>
  <testcase classname="testCases.Cart_Page_Test_3" name="varifytritterLogoTest" time="0.0">
    <ignored/>
  </testcase> <!-- varifytritterLogoTest -->
</testsuite> <!-- Default test(failed) -->
