<?xml version="1.0" encoding="UTF-8"?>
<!-- Generated by org.testng.reporters.JUnitXMLReporter -->
<testsuite ignored="0" hostname="Pravin" failures="0" tests="5" name="Default test" time="33.634" errors="0" timestamp="2023-12-16T19:06:21 IST">
  <testcase classname="testCases.VerifyMultipleCredentialsTest$LoginPageTest" name="loginToAppWithCredsTest" time="0.316"/>
  <testcase classname="testCases.VerifyMultipleCredentialsTest$LoginPageTest" name="loginToAppWithCredsTest" time="0.287"/>
  <testcase classname="testCases.VerifyMultipleCredentialsTest$LoginPageTest" name="loginToAppWithCredsTest" time="5.334"/>
  <testcase classname="testCases.VerifyMultipleCredentialsTest$LoginPageTest" name="loginToAppWithCredsTest" time="0.333"/>
  <testcase classname="testCases.VerifyMultipleCredentialsTest$LoginPageTest" name="loginToAppWithCredsTest" time="0.401"/>
</testsuite> <!-- Default test -->
