<?xml version="1.0" encoding="UTF-8"?>
<!-- Generated by org.testng.reporters.JUnitXMLReporter -->
<testsuite ignored="2" hostname="Pravin" failures="1" tests="1" name="Test(failed)(failed)" time="8.79" errors="0" timestamp="2023-12-05T19:53:01 IST">
  <testcase classname="testCases.LoginPageTest" name="loginToApplicationTest" time="0.897">
    <failure type="java.lang.NullPointerException" message="Cannot invoke &amp;quot;org.apache.poi.ss.usermodel.Cell.getStringCellValue()&amp;quot; because the return value of &amp;quot;org.apache.poi.ss.usermodel.Row.getCell(int)&amp;quot; is null">
      <![CDATA[java.lang.NullPointerException: Cannot invoke "org.apache.poi.ss.usermodel.Cell.getStringCellValue()" because the return value of "org.apache.poi.ss.usermodel.Row.getCell(int)" is null
at utility.ReadData.readExcel(ReadData.java:25)
at testCases.LoginPageTest.loginToApplicationTest(LoginPageTest.java:43)
at java.base/java.util.ArrayList.forEach(ArrayList.java:1511)
... Removed 27 stack frames]]>
    </failure>
  </testcase> <!-- loginToApplicationTest -->
  <testcase classname="testCases.LoginPageTest" name="verifyURLOfApplication" time="0.0">
    <ignored/>
  </testcase> <!-- verifyURLOfApplication -->
  <testcase classname="testCases.LoginPageTest" name="varifyTitleOfApplicationTest" time="0.0">
    <ignored/>
  </testcase> <!-- varifyTitleOfApplicationTest -->
</testsuite> <!-- Test(failed)(failed) -->
