<?xml version="1.0" encoding="UTF-8"?>
<testng-results ignored="0" total="5" passed="5" failed="0" skipped="0">
  <reporter-output>
  </reporter-output>
  <suite started-at="2023-12-16T19:05:47 IST" name="Default suite" finished-at="2023-12-16T19:06:21 IST" duration-ms="33634">
    <groups>
    </groups>
    <test started-at="2023-12-16T19:05:47 IST" name="Default test" finished-at="2023-12-16T19:06:21 IST" duration-ms="33634">
      <class name="testCases.VerifyMultipleCredentialsTest$LoginPageTest">
        <test-method is-config="true" signature="setup()[pri:0, instance:testCases.VerifyMultipleCredentialsTest$LoginPageTest@196a42c3]" started-at="2023-12-16T19:05:47 IST" name="setup" finished-at="2023-12-16T19:05:53 IST" duration-ms="6073" status="PASS">
          <reporter-output>
          </reporter-output>
        </test-method> <!-- setup -->
        <test-method signature="loginToAppWithCredsTest(java.lang.String,java.lang.String)[pri:0, instance:testCases.VerifyMultipleCredentialsTest$LoginPageTest@196a42c3]" started-at="2023-12-16T19:05:53 IST" name="loginToAppWithCredsTest" data-provider="Credentials" finished-at="2023-12-16T19:05:54 IST" duration-ms="316" status="PASS">
          <params>
            <param index="0">
              <value>
                <![CDATA[standard_user]]>
              </value>
            </param>
            <param index="1">
              <value>
                <![CDATA[secret_sauce]]>
              </value>
            </param>
          </params>
          <reporter-output>
          </reporter-output>
        </test-method> <!-- loginToAppWithCredsTest -->
        <test-method is-config="true" signature="closeBrowser(org.testng.ITestResult)[pri:0, instance:testCases.VerifyMultipleCredentialsTest$LoginPageTest@196a42c3]" started-at="2023-12-16T19:05:54 IST" name="closeBrowser" finished-at="2023-12-16T19:05:54 IST" duration-ms="86" status="PASS">
          <params>
            <param index="0">
              <value>
                <![CDATA[[TestResult name=loginToAppWithCredsTest status=SUCCESS method=VerifyMultipleCredentialsTest$LoginPageTest.loginToAppWithCredsTest(java.lang.String,java.lang.String)[pri:0, instance:testCases.VerifyMultipleCredentialsTest$LoginPageTest@196a42c3] output={null}]]]>
              </value>
            </param>
          </params>
          <reporter-output>
          </reporter-output>
        </test-method> <!-- closeBrowser -->
        <test-method is-config="true" signature="setup()[pri:0, instance:testCases.VerifyMultipleCredentialsTest$LoginPageTest@196a42c3]" started-at="2023-12-16T19:05:54 IST" name="setup" finished-at="2023-12-16T19:05:59 IST" duration-ms="4775" status="PASS">
          <reporter-output>
          </reporter-output>
        </test-method> <!-- setup -->
        <test-method signature="loginToAppWithCredsTest(java.lang.String,java.lang.String)[pri:0, instance:testCases.VerifyMultipleCredentialsTest$LoginPageTest@196a42c3]" started-at="2023-12-16T19:05:59 IST" name="loginToAppWithCredsTest" data-provider="Credentials" finished-at="2023-12-16T19:05:59 IST" duration-ms="287" status="PASS">
          <params>
            <param index="0">
              <value>
                <![CDATA[problem_user]]>
              </value>
            </param>
            <param index="1">
              <value>
                <![CDATA[secret_sauce]]>
              </value>
            </param>
          </params>
          <reporter-output>
          </reporter-output>
        </test-method> <!-- loginToAppWithCredsTest -->
        <test-method is-config="true" signature="closeBrowser(org.testng.ITestResult)[pri:0, instance:testCases.VerifyMultipleCredentialsTest$LoginPageTest@196a42c3]" started-at="2023-12-16T19:05:59 IST" name="closeBrowser" finished-at="2023-12-16T19:05:59 IST" duration-ms="147" status="PASS">
          <params>
            <param index="0">
              <value>
                <![CDATA[[TestResult name=loginToAppWithCredsTest status=SUCCESS method=VerifyMultipleCredentialsTest$LoginPageTest.loginToAppWithCredsTest(java.lang.String,java.lang.String)[pri:0, instance:testCases.VerifyMultipleCredentialsTest$LoginPageTest@196a42c3] output={null}]]]>
              </value>
            </param>
          </params>
          <reporter-output>
          </reporter-output>
        </test-method> <!-- closeBrowser -->
        <test-method is-config="true" signature="setup()[pri:0, instance:testCases.VerifyMultipleCredentialsTest$LoginPageTest@196a42c3]" started-at="2023-12-16T19:05:59 IST" name="setup" finished-at="2023-12-16T19:06:04 IST" duration-ms="4973" status="PASS">
          <reporter-output>
          </reporter-output>
        </test-method> <!-- setup -->
        <test-method signature="loginToAppWithCredsTest(java.lang.String,java.lang.String)[pri:0, instance:testCases.VerifyMultipleCredentialsTest$LoginPageTest@196a42c3]" started-at="2023-12-16T19:06:04 IST" name="loginToAppWithCredsTest" data-provider="Credentials" finished-at="2023-12-16T19:06:09 IST" duration-ms="5334" status="PASS">
          <params>
            <param index="0">
              <value>
                <![CDATA[performance_glitch_user]]>
              </value>
            </param>
            <param index="1">
              <value>
                <![CDATA[secret_sauce]]>
              </value>
            </param>
          </params>
          <reporter-output>
          </reporter-output>
        </test-method> <!-- loginToAppWithCredsTest -->
        <test-method is-config="true" signature="closeBrowser(org.testng.ITestResult)[pri:0, instance:testCases.VerifyMultipleCredentialsTest$LoginPageTest@196a42c3]" started-at="2023-12-16T19:06:09 IST" name="closeBrowser" finished-at="2023-12-16T19:06:09 IST" duration-ms="151" status="PASS">
          <params>
            <param index="0">
              <value>
                <![CDATA[[TestResult name=loginToAppWithCredsTest status=SUCCESS method=VerifyMultipleCredentialsTest$LoginPageTest.loginToAppWithCredsTest(java.lang.String,java.lang.String)[pri:0, instance:testCases.VerifyMultipleCredentialsTest$LoginPageTest@196a42c3] output={null}]]]>
              </value>
            </param>
          </params>
          <reporter-output>
          </reporter-output>
        </test-method> <!-- closeBrowser -->
        <test-method is-config="true" signature="setup()[pri:0, instance:testCases.VerifyMultipleCredentialsTest$LoginPageTest@196a42c3]" started-at="2023-12-16T19:06:09 IST" name="setup" finished-at="2023-12-16T19:06:14 IST" duration-ms="4849" status="PASS">
          <reporter-output>
          </reporter-output>
        </test-method> <!-- setup -->
        <test-method signature="loginToAppWithCredsTest(java.lang.String,java.lang.String)[pri:0, instance:testCases.VerifyMultipleCredentialsTest$LoginPageTest@196a42c3]" started-at="2023-12-16T19:06:14 IST" name="loginToAppWithCredsTest" data-provider="Credentials" finished-at="2023-12-16T19:06:15 IST" duration-ms="333" status="PASS">
          <params>
            <param index="0">
              <value>
                <![CDATA[error_user]]>
              </value>
            </param>
            <param index="1">
              <value>
                <![CDATA[secret_sauce]]>
              </value>
            </param>
          </params>
          <reporter-output>
          </reporter-output>
        </test-method> <!-- loginToAppWithCredsTest -->
        <test-method is-config="true" signature="closeBrowser(org.testng.ITestResult)[pri:0, instance:testCases.VerifyMultipleCredentialsTest$LoginPageTest@196a42c3]" started-at="2023-12-16T19:06:15 IST" name="closeBrowser" finished-at="2023-12-16T19:06:15 IST" duration-ms="162" status="PASS">
          <params>
            <param index="0">
              <value>
                <![CDATA[[TestResult name=loginToAppWithCredsTest status=SUCCESS method=VerifyMultipleCredentialsTest$LoginPageTest.loginToAppWithCredsTest(java.lang.String,java.lang.String)[pri:0, instance:testCases.VerifyMultipleCredentialsTest$LoginPageTest@196a42c3] output={null}]]]>
              </value>
            </param>
          </params>
          <reporter-output>
          </reporter-output>
        </test-method> <!-- closeBrowser -->
        <test-method is-config="true" signature="setup()[pri:0, instance:testCases.VerifyMultipleCredentialsTest$LoginPageTest@196a42c3]" started-at="2023-12-16T19:06:15 IST" name="setup" finished-at="2023-12-16T19:06:20 IST" duration-ms="5533" status="PASS">
          <reporter-output>
          </reporter-output>
        </test-method> <!-- setup -->
        <test-method signature="loginToAppWithCredsTest(java.lang.String,java.lang.String)[pri:0, instance:testCases.VerifyMultipleCredentialsTest$LoginPageTest@196a42c3]" started-at="2023-12-16T19:06:20 IST" name="loginToAppWithCredsTest" data-provider="Credentials" finished-at="2023-12-16T19:06:21 IST" duration-ms="401" status="PASS">
          <params>
            <param index="0">
              <value>
                <![CDATA[visual_user]]>
              </value>
            </param>
            <param index="1">
              <value>
                <![CDATA[secret_sauce]]>
              </value>
            </param>
          </params>
          <reporter-output>
          </reporter-output>
        </test-method> <!-- loginToAppWithCredsTest -->
        <test-method is-config="true" signature="closeBrowser(org.testng.ITestResult)[pri:0, instance:testCases.VerifyMultipleCredentialsTest$LoginPageTest@196a42c3]" started-at="2023-12-16T19:06:21 IST" name="closeBrowser" finished-at="2023-12-16T19:06:21 IST" duration-ms="164" status="PASS">
          <params>
            <param index="0">
              <value>
                <![CDATA[[TestResult name=loginToAppWithCredsTest status=SUCCESS method=VerifyMultipleCredentialsTest$LoginPageTest.loginToAppWithCredsTest(java.lang.String,java.lang.String)[pri:0, instance:testCases.VerifyMultipleCredentialsTest$LoginPageTest@196a42c3] output={null}]]]>
              </value>
            </param>
          </params>
          <reporter-output>
          </reporter-output>
        </test-method> <!-- closeBrowser -->
      </class> <!-- testCases.VerifyMultipleCredentialsTest$LoginPageTest -->
    </test> <!-- Default test -->
  </suite> <!-- Default suite -->
</testng-results>
