<?xml version="1.0" encoding="UTF-8"?>
<!-- Generated by org.testng.reporters.JUnitXMLReporter -->
<testsuite ignored="20" hostname="Pravin" failures="0" tests="4" name="Test_Group" time="58.233" errors="0" timestamp="2023-12-13T23:17:28 IST">
  <testcase classname="testCases.LoginPageTest" name="verifyURLOfApplication" time="1.671"/>
  <testcase classname="testCases.LoginPageTest" name="varifyTitleOfApplicationTest" time="0.037"/>
  <testcase classname="testCases.Inventory_page_2_Test" name="varifyproductsLableTest" time="0.077"/>
  <testcase classname="testCases.Cart_Page_Test_3" name="varifyyourCartTest" time="0.062"/>
  <testcase classname="testCases.checkOut_Page_Test" name="clickOnbackHomeBtnTest" time="0.0">
    <ignored/>
  </testcase> <!-- clickOnbackHomeBtnTest -->
  <testcase classname="testCases.CheckOutPage1_Test" name="verifyTitleofApplicationTest" time="0.0">
    <ignored/>
  </testcase> <!-- verifyTitleofApplicationTest -->
  <testcase classname="testCases.CheckOutPage1_Test" name="InputinformationTest" time="0.0">
    <ignored/>
  </testcase> <!-- InputinformationTest -->
  <testcase classname="testCases.Inventory_page_2_Test" name="remove2ProductsTest" time="0.0">
    <ignored/>
  </testcase> <!-- remove2ProductsTest -->
  <testcase classname="testCases.LoginPageTest" name="loginToApplicationTest" time="0.0">
    <ignored/>
  </testcase> <!-- loginToApplicationTest -->
  <testcase classname="testCases.Inventory_page_2_Test" name="add6ProductsTest" time="0.0">
    <ignored/>
  </testcase> <!-- add6ProductsTest -->
  <testcase classname="testCases.CheckOutPage2Test" name="verifyLableTest" time="0.0">
    <ignored/>
  </testcase> <!-- verifyLableTest -->
  <testcase classname="testCases.checkOut_Page_Test" name="verifyyourOrderDispatchTextTest" time="0.0">
    <ignored/>
  </testcase> <!-- verifyyourOrderDispatchTextTest -->
  <testcase classname="testCases.CheckOutPage2Test" name="paymentInfoLableTest" time="0.0">
    <ignored/>
  </testcase> <!-- paymentInfoLableTest -->
  <testcase classname="testCases.CheckOutPage1_Test" name="verifyURLOfCheckOutPage1Test" time="0.0">
    <ignored/>
  </testcase> <!-- verifyURLOfCheckOutPage1Test -->
  <testcase classname="testCases.checkOut_Page_Test" name="verifyyourthankYouTextTest" time="0.0">
    <ignored/>
  </testcase> <!-- verifyyourthankYouTextTest -->
  <testcase classname="testCases.checkOut_Page_Test" name="verifyrightMarkImageTest" time="0.0">
    <ignored/>
  </testcase> <!-- verifyrightMarkImageTest -->
  <testcase classname="testCases.VerifyMultipleCredentialsTest$LoginPageTest" name="loginToAppWithCredsTest" time="0.0">
    <ignored/>
  </testcase> <!-- loginToAppWithCredsTest -->
  <testcase classname="testCases.CheckOutPage2Test" name="clickOnFinishBtnTest" time="0.0">
    <ignored/>
  </testcase> <!-- clickOnFinishBtnTest -->
  <testcase classname="testCases.CheckOutPage2Test" name="verifyshippingInfoLableTest" time="0.0">
    <ignored/>
  </testcase> <!-- verifyshippingInfoLableTest -->
  <testcase classname="testCases.Cart_Page_Test_3" name="clickOncheckOutBtnTest" time="0.0">
    <ignored/>
  </testcase> <!-- clickOncheckOutBtnTest -->
  <testcase classname="testCases.checkOut_Page_Test" name="checkoutCompletelabelTest" time="0.0">
    <ignored/>
  </testcase> <!-- checkoutCompletelabelTest -->
  <testcase classname="testCases.Inventory_page_2_Test" name="varifytritterLogoTest" time="0.0">
    <ignored/>
  </testcase> <!-- varifytritterLogoTest -->
  <testcase classname="testCases.Cart_Page_Test_3" name="varifytritterLogoTest" time="0.0">
    <ignored/>
  </testcase> <!-- varifytritterLogoTest -->
  <testcase classname="testCases.CheckOutPage2Test" name="verifypriceTotalLableTest" time="0.0">
    <ignored/>
  </testcase> <!-- verifypriceTotalLableTest -->
</testsuite> <!-- Test_Group -->
