<?xml version="1.0" encoding="UTF-8"?>
<!-- Generated by org.testng.reporters.JUnitXMLReporter -->
<testsuite ignored="6" hostname="Pravin" failures="1" tests="3" name="Test(failed)" time="25.975" errors="0" timestamp="2023-12-05T19:48:16 IST">
  <testcase classname="testCases.Cart_Page_Test_3" name="varifyyourCartTest" time="0.032"/>
  <testcase classname="testCases.Inventory_page_2_Test" name="add6ProductsTest" time="1.566"/>
  <testcase classname="testCases.LoginPageTest" name="loginToApplicationTest" time="0.031">
    <failure type="java.lang.NullPointerException" message="Cannot invoke &amp;quot;org.apache.poi.ss.usermodel.Cell.getStringCellValue()&amp;quot; because the return value of &amp;quot;org.apache.poi.ss.usermodel.Row.getCell(int)&amp;quot; is null">
      <![CDATA[java.lang.NullPointerException: Cannot invoke "org.apache.poi.ss.usermodel.Cell.getStringCellValue()" because the return value of "org.apache.poi.ss.usermodel.Row.getCell(int)" is null
at utility.ReadData.readExcel(ReadData.java:25)
at testCases.LoginPageTest.loginToApplicationTest(LoginPageTest.java:43)
at java.base/java.util.ArrayList.forEach(ArrayList.java:1511)
... Removed 27 stack frames]]>
    </failure>
  </testcase> <!-- loginToApplicationTest -->
  <testcase classname="testCases.Inventory_page_2_Test" name="varifyproductsLableTest" time="0.0">
    <ignored/>
  </testcase> <!-- varifyproductsLableTest -->
  <testcase classname="testCases.Inventory_page_2_Test" name="varifytritterLogoTest" time="0.0">
    <ignored/>
  </testcase> <!-- varifytritterLogoTest -->
  <testcase classname="testCases.Inventory_page_2_Test" name="remove2ProductsTest" time="0.0">
    <ignored/>
  </testcase> <!-- remove2ProductsTest -->
  <testcase classname="testCases.Cart_Page_Test_3" name="varifytritterLogoTest" time="0.0">
    <ignored/>
  </testcase> <!-- varifytritterLogoTest -->
  <testcase classname="testCases.LoginPageTest" name="verifyURLOfApplication" time="0.0">
    <ignored/>
  </testcase> <!-- verifyURLOfApplication -->
  <testcase classname="testCases.LoginPageTest" name="varifyTitleOfApplicationTest" time="0.0">
    <ignored/>
  </testcase> <!-- varifyTitleOfApplicationTest -->
</testsuite> <!-- Test(failed) -->
